Script exécuté à Sat Apr  5 14:30:01 UTC 2025
HTML reçu : <!DOCTYPE html>
<html lang="en" class=" dark">
<head>
<title>ANET - Arista Networks Inc Stock Price 
Prix extrait : 64.37
Script exécuté à Sat Apr  5 14:35:01 UTC 2025
HTML reçu : <!DOCTYPE html>
<html lang="en" class=" dark">
<head>
<title>ANET - Arista Networks Inc Stock Price 
Prix extrait : 64.37
Script exécuté à Sat Apr  5 14:40:01 UTC 2025
HTML reçu : <!DOCTYPE html>
<html lang="en" class=" dark">
<head>
<title>ANET - Arista Networks Inc Stock Price 
Prix extrait : 64.37
Script exécuté à Sat Apr  5 14:45:01 UTC 2025
HTML reçu : <!DOCTYPE html>
<html lang="en" class=" dark">
<head>
<title>ANET - Arista Networks Inc Stock Price 
Prix extrait : 64.37
Script exécuté à Sat Apr  5 14:50:01 UTC 2025
HTML reçu : <!DOCTYPE html>
<html lang="en" class=" dark">
<head>
<title>ANET - Arista Networks Inc Stock Price 
Prix extrait : 64.37
Script exécuté à Sat Apr  5 14:55:01 UTC 2025
HTML reçu : <!DOCTYPE html>
<html lang="en" class=" dark">
<head>
<title>ANET - Arista Networks Inc Stock Price 
Prix extrait : 64.37
Script exécuté à Sat Apr  5 15:00:01 UTC 2025
HTML reçu : <!DOCTYPE html>
<html lang="en" class=" dark">
<head>
<title>ANET - Arista Networks Inc Stock Price 
Prix extrait : 64.37
Script exécuté à Sat Apr  5 15:05:01 UTC 2025
HTML reçu : <!DOCTYPE html>
<html lang="en" class=" dark">
<head>
<title>ANET - Arista Networks Inc Stock Price 
Prix extrait : 64.37
Script exécuté à Sat Apr  5 15:10:01 UTC 2025
HTML reçu : <!DOCTYPE html>
<html lang="en" class=" dark">
<head>
<title>ANET - Arista Networks Inc Stock Price 
Prix extrait : 64.37
Script exécuté à Sat Apr  5 15:15:01 UTC 2025
HTML reçu : <!DOCTYPE html>
<html lang="en" class=" dark">
<head>
<title>ANET - Arista Networks Inc Stock Price 
Prix extrait : 64.37
Script exécuté à Sat Apr  5 15:20:01 UTC 2025
HTML reçu : <!DOCTYPE html>
<html lang="en" class=" dark">
<head>
<title>ANET - Arista Networks Inc Stock Price 
Prix extrait : 64.37
Script exécuté à Sat Apr  5 15:25:01 UTC 2025
HTML reçu : <!DOCTYPE html>
<html lang="en" class=" dark">
<head>
<title>ANET - Arista Networks Inc Stock Price 
Prix extrait : 64.37
Script exécuté à Sat Apr  5 15:30:01 UTC 2025
HTML reçu : <!DOCTYPE html>
<html lang="en" class=" dark">
<head>
<title>ANET - Arista Networks Inc Stock Price 
Prix extrait : 64.37
Script exécuté à Sat Apr  5 15:35:01 UTC 2025
HTML reçu : <!DOCTYPE html>
<html lang="en" class=" dark">
<head>
<title>ANET - Arista Networks Inc Stock Price 
Prix extrait : 64.37
Script exécuté à Sat Apr  5 15:40:01 UTC 2025
HTML reçu : <!DOCTYPE html>
<html lang="en" class=" dark">
<head>
<title>ANET - Arista Networks Inc Stock Price 
Prix extrait : 64.37
Script exécuté à Sat Apr  5 15:45:01 UTC 2025
HTML reçu : <!DOCTYPE html>
<html lang="en" class=" dark">
<head>
<title>ANET - Arista Networks Inc Stock Price 
Prix extrait : 64.37
Script exécuté à Sat Apr  5 15:50:01 UTC 2025
HTML reçu : <!DOCTYPE html>
<html lang="en" class=" dark">
<head>
<title>ANET - Arista Networks Inc Stock Price 
Prix extrait : 64.37
Script exécuté à Sat Apr  5 15:55:01 UTC 2025
HTML reçu : <!DOCTYPE html>
<html lang="en" class=" dark">
<head>
<title>ANET - Arista Networks Inc Stock Price 
Prix extrait : 64.37
Script exécuté à Sat Apr  5 16:00:01 UTC 2025
HTML reçu : <!DOCTYPE html>
<html lang="en" class=" dark">
<head>
<title>ANET - Arista Networks Inc Stock Price 
Prix extrait : 64.37
Script exécuté à Sat Apr  5 16:05:01 UTC 2025
HTML reçu : <!DOCTYPE html>
<html lang="en" class=" dark">
<head>
<title>ANET - Arista Networks Inc Stock Price 
Prix extrait : 64.37
Script exécuté à Sat Apr  5 16:10:01 UTC 2025
HTML reçu : <!DOCTYPE html>
<html lang="en" class=" dark">
<head>
<title>ANET - Arista Networks Inc Stock Price 
Prix extrait : 64.37
Script exécuté à Sat Apr  5 16:15:01 UTC 2025
HTML reçu : <!DOCTYPE html>
<html lang="en" class=" dark">
<head>
<title>ANET - Arista Networks Inc Stock Price 
Prix extrait : 64.37
Script exécuté à Sat Apr  5 16:20:01 UTC 2025
HTML reçu : <!DOCTYPE html>
<html lang="en" class=" dark">
<head>
<title>ANET - Arista Networks Inc Stock Price 
Prix extrait : 64.37
Script exécuté à Sat Apr  5 16:25:01 UTC 2025
HTML reçu : <!DOCTYPE html>
<html lang="en" class=" dark">
<head>
<title>ANET - Arista Networks Inc Stock Price 
Prix extrait : 64.37
Script exécuté à Sat Apr  5 16:30:01 UTC 2025
HTML reçu : <!DOCTYPE html>
<html lang="en" class=" dark">
<head>
<title>ANET - Arista Networks Inc Stock Price 
Prix extrait : 64.37
Script exécuté à Sat Apr  5 16:35:01 UTC 2025
HTML reçu : <!DOCTYPE html>
<html lang="en" class=" dark">
<head>
<title>ANET - Arista Networks Inc Stock Price 
Prix extrait : 64.37
Script exécuté à Sat Apr  5 16:40:01 UTC 2025
HTML reçu : <!DOCTYPE html>
<html lang="en" class=" dark">
<head>
<title>ANET - Arista Networks Inc Stock Price 
Prix extrait : 64.37
Script exécuté à Sat Apr  5 16:45:01 UTC 2025
HTML reçu : <!DOCTYPE html>
<html lang="en" class=" dark">
<head>
<title>ANET - Arista Networks Inc Stock Price 
Prix extrait : 64.37
Script exécuté à Sat Apr  5 16:50:01 UTC 2025
HTML reçu : <!DOCTYPE html>
<html lang="en" class=" dark">
<head>
<title>ANET - Arista Networks Inc Stock Price 
Prix extrait : 64.37
